SF:lib/core/api/exceptions.dart
DA:2,2
DA:6,0
DA:10,0
DA:14,0
DA:18,0
DA:22,0
DA:26,0
DA:30,0
DA:34,0
DA:38,0
DA:42,0
DA:46,0
DA:50,0
DA:54,0
DA:58,0
DA:62,0
DA:68,1
DA:70,1
DA:73,1
DA:74,3
DA:75,3
DA:77,0
DA:78,0
DA:80,1
DA:81,2
LF:25
LH:8
end_of_record
SF:lib/core/cubit/cubit_request.dart
DA:8,1
DA:9,2
DA:10,2
DA:11,1
DA:12,2
DA:13,1
DA:14,2
DA:18,0
DA:19,0
DA:20,0
DA:21,0
DA:22,0
DA:26,0
DA:28,0
DA:30,0
DA:31,0
DA:32,0
DA:33,0
DA:34,0
DA:35,0
DA:36,0
LF:21
LH:7
end_of_record
SF:lib/cubits/api/posts/get/cubit.dart
DA:10,1
DA:11,1
DA:13,1
DA:14,1
DA:15,2
DA:16,2
DA:18,2
DA:19,1
LF:8
LH:8
end_of_record
SF:lib/repository/api/posts/api_posts_repository.dart
DA:14,0
DA:16,0
DA:18,0
DA:19,0
LF:4
LH:0
end_of_record
SF:lib/repository/api_common_model/post.dart
DA:15,0
LF:1
LH:0
end_of_record
SF:lib/repository/api_common_model/post.g.dart
DA:9,0
DA:10,0
DA:11,0
DA:12,0
DA:13,0
DA:16,0
DA:17,0
DA:18,0
DA:19,0
DA:20,0
DA:21,0
LF:11
LH:0
end_of_record
SF:lib/core/api/response_error.dart
DA:47,0
DA:48,0
DA:62,0
DA:63,0
LF:4
LH:0
end_of_record
SF:lib/core/api/response_error.g.dart
DA:9,0
DA:10,0
DA:11,0
DA:12,0
DA:13,0
DA:14,0
DA:17,0
DA:18,0
DA:19,0
DA:20,0
DA:21,0
DA:22,0
DA:25,0
DA:27,0
DA:28,0
DA:29,0
DA:30,0
DA:31,0
DA:32,0
DA:33,0
DA:34,0
DA:35,0
DA:39,0
DA:41,0
DA:42,0
DA:43,0
DA:44,0
DA:45,0
DA:46,0
DA:47,0
LF:30
LH:0
end_of_record
SF:lib/core/validation/generate_error.dart
DA:2,2
DA:4,2
DA:8,2
LF:3
LH:3
end_of_record
SF:lib/core/validation/regex.dart
DA:2,3
DA:5,3
LF:2
LH:2
end_of_record
SF:lib/core/validation/validation.dart
DA:5,1
DA:6,1
DA:13,1
DA:14,1
DA:16,1
DA:17,1
DA:19,2
DA:20,1
DA:27,1
DA:28,1
DA:29,1
DA:34,1
DA:35,1
DA:37,1
DA:38,1
DA:40,2
DA:41,1
LF:17
LH:17
end_of_record
SF:lib/core/api/api_helper.dart
DA:10,1
DA:11,0
DA:14,0
DA:15,0
DA:16,0
DA:17,0
DA:18,0
DA:19,0
DA:20,0
DA:21,0
DA:22,0
DA:23,0
DA:24,0
DA:25,0
DA:26,0
DA:28,0
DA:32,0
DA:35,0
DA:39,0
DA:40,0
DA:41,0
DA:42,0
DA:43,0
DA:45,0
DA:46,0
DA:48,0
DA:49,0
DA:51,0
DA:52,0
DA:54,0
DA:55,0
LF:31
LH:1
end_of_record
SF:lib/main.dart
DA:9,0
DA:11,0
DA:13,0
DA:14,0
DA:16,0
DA:17,0
DA:20,0
DA:21,0
DA:22,0
DA:26,1
DA:28,0
DA:30,0
DA:31,0
LF:13
LH:1
end_of_record
SF:lib/repository/api/posts/api_posts_client.g.dart
DA:12,0
DA:17,0
DA:26,0
DA:28,0
DA:29,0
DA:30,0
DA:32,0
DA:37,0
DA:38,0
DA:43,0
DA:44,0
DA:45,0
DA:46,0
DA:48,0
DA:51,0
DA:53,0
DA:56,0
DA:60,0
DA:61,0
DA:62,0
DA:63,0
DA:64,0
DA:65,0
DA:67,0
DA:73,0
DA:77,0
DA:81,0
DA:83,0
DA:84,0
DA:87,0
LF:30
LH:0
end_of_record
SF:lib/router/router.dart
DA:7,0
DA:9,0
DA:10,0
DA:18,2
DA:19,0
DA:28,2
DA:29,0
LF:7
LH:2
end_of_record
SF:lib/router/router.g.dart
DA:9,0
DA:10,0
DA:11,0
DA:14,0
DA:20,0
DA:22,0
DA:26,0
DA:28,0
DA:30,0
DA:31,0
DA:33,0
DA:36,0
DA:42,0
DA:44,0
DA:48,0
DA:50,0
DA:52,0
DA:53,0
DA:55,0
LF:19
LH:0
end_of_record
SF:lib/ui/pages/router/auth_page.dart
DA:9,1
DA:11,0
DA:12,0
DA:20,0
DA:21,0
DA:22,0
DA:23,0
DA:24,0
DA:27,0
DA:29,0
DA:30,0
DA:32,0
DA:35,0
DA:37,0
DA:38,0
DA:41,0
DA:43,0
DA:45,0
DA:46,0
DA:47,0
DA:48,0
DA:49,0
DA:52,0
DA:55,0
DA:56,0
DA:59,0
DA:60,0
DA:63,0
DA:64,0
DA:65,0
DA:66,0
LF:31
LH:1
end_of_record
SF:lib/ui/pages/router/home_page.dart
DA:4,1
DA:6,0
DA:7,0
DA:11,0
DA:13,0
DA:14,0
LF:6
LH:1
end_of_record
SF:lib/ui/custom_widgets/custom_button.dart
DA:9,0
DA:17,0
DA:19,0
DA:20,0
DA:21,0
DA:22,0
DA:24,0
DA:25,0
DA:27,0
DA:28,0
DA:31,0
LF:11
LH:0
end_of_record
SF:lib/ui/custom_widgets/custom_loading_dialog.dart
DA:4,0
DA:6,0
DA:10,0
DA:11,0
DA:14,0
DA:15,0
DA:16,0
DA:17,0
DA:19,0
DA:20,0
DA:26,0
LF:11
LH:0
end_of_record
SF:lib/ui/custom_widgets/custom_rounded_text_form_field.dart
DA:11,0
DA:21,0
DA:23,0
DA:24,0
DA:25,0
DA:26,0
DA:27,0
DA:28,0
DA:29,0
DA:32,0
DA:33,0
DA:34,0
DA:35,0
DA:38,0
DA:39,0
DA:40,0
DA:41,0
DA:44,0
DA:45,0
DA:46,0
DA:47,0
LF:21
LH:0
end_of_record
